<?xml version="1.0" encoding="UTF-8"?>
<testng-results skipped="0" failed="0" ignored="0" total="2" passed="2">
  <reporter-output>
  </reporter-output>
  <suite name="Default suite" duration-ms="5853" started-at="2018-07-18T04:51:12Z" finished-at="2018-07-18T04:51:18Z">
    <groups>
    </groups>
    <test name="Default test" duration-ms="5853" started-at="2018-07-18T04:51:12Z" finished-at="2018-07-18T04:51:18Z">
      <class name="TestClass1">
        <test-method status="PASS" signature="setup()[pri:0, instance:TestClass1@1060b431]" name="setup" is-config="true" duration-ms="2199" started-at="2018-07-18T04:51:12Z" finished-at="2018-07-18T04:51:14Z">
          <reporter-output>
          </reporter-output>
        </test-method> <!-- setup -->
        <test-method status="PASS" signature="Testcase1()[pri:0, instance:TestClass1@1060b431]" name="Testcase1" duration-ms="1478" started-at="2018-07-18T04:51:14Z" finished-at="2018-07-18T04:51:16Z">
          <reporter-output>
          </reporter-output>
        </test-method> <!-- Testcase1 -->
        <test-method status="PASS" signature="Testcase2()[pri:0, instance:TestClass1@1060b431]" name="Testcase2" duration-ms="2031" started-at="2018-07-18T04:51:16Z" finished-at="2018-07-18T04:51:18Z">
          <reporter-output>
          </reporter-output>
        </test-method> <!-- Testcase2 -->
        <test-method status="PASS" signature="teardown()[pri:0, instance:TestClass1@1060b431]" name="teardown" is-config="true" duration-ms="122" started-at="2018-07-18T04:51:18Z" finished-at="2018-07-18T04:51:18Z">
          <reporter-output>
          </reporter-output>
        </test-method> <!-- teardown -->
      </class> <!-- TestClass1 -->
    </test> <!-- Default test -->
  </suite> <!-- Default suite -->
</testng-results>
